EliteCareHospital/app/build/intermediates/manifest_merge_blame_file/debug/processDebugMainManifest/manifest-merger-blame-debug-report.txt
1<?xml version="1.0" encoding="utf-8"?>
2<manifest xmlns:android="http://schemas.android.com/apk/res/android"
3    package="com.example.elitecarehospital"
4    android:versionCode="1"
5    android:versionName="1.0" >
6
7    <uses-sdk
7-->INJECTED
8        android:minSdkVersion="26"
8-->INJECTED
9        android:targetSdkVersion="36" />
9-->INJECTED
10
11    <uses-permission android:name="android.permission.INTERNET" />
11-->[com.google.firebase:firebase-auth:24.2.0] AndroidManifest.xml:25:5-67
11-->[com.google.firebase:firebase-auth:24.2.0] AndroidManifest.xml:25:22-64
12    <uses-permission android:name="android.permission.ACCESS_NETWORK_STATE" />
12-->[com.google.firebase:firebase-auth:24.2.0] AndroidManifest.xml:26:5-79
12-->[com.google.firebase:firebase-auth:24.2.0] AndroidManifest.xml:26:22-76
13    <uses-permission android:name="android.permission.USE_BIOMETRIC" /> <!-- suppress DeprecatedClassUsageInspection -->
13-->[androidx.biometric:biometric:1.1.0] AndroidManifest.xml:24:5-72
13-->[androidx.biometric:biometric:1.1.0] AndroidManifest.xml:24:22-69
14    <uses-permission android:name="android.permission.USE_FINGERPRINT" />
14-->[androidx.biometric:biometric:1.1.0] AndroidManifest.xml:27:5-74
14-->[androidx.biometric:biometric:1.1.0] AndroidManifest.xml:27:22-71
15    <uses-permission android:name="com.google.android.providers.gsf.permission.READ_GSERVICES" />
15-->[com.google.android.recaptcha:recaptcha:18.6.1] AndroidManifest.xml:9:5-98
15-->[com.google.android.recaptcha:recaptcha:18.6.1] AndroidManifest.xml:9:22-95
16
17    <permission
17-->[androidx.core:core:1.18.0] AndroidManifest.xml:22:5-24:47
18        android:name="com.example.elitecarehospital.DYNAMIC_RECEIVER_NOT_EXPORTED_PERMISSION"
18-->[androidx.core:core:1.18.0] AndroidManifest.xml:23:9-81
19        android:protectionLevel="signature" />
19-->[androidx.core:core:1.18.0] AndroidManifest.xml:24:9-44
20
21    <uses-permission android:name="com.example.elitecarehospital.DYNAMIC_RECEIVER_NOT_EXPORTED_PERMISSION" />
21-->[androidx.core:core:1.18.0] AndroidManifest.xml:26:5-97
21-->[androidx.core:core:1.18.0] AndroidManifest.xml:26:22-94
22
23    <application
23-->src\main\AndroidManifest.xml:5:5-34:19
24        android:allowBackup="true"
24-->src\main\AndroidManifest.xml:6:9-35
25        android:appComponentFactory="androidx.core.app.CoreComponentFactory"
25-->[androidx.core:core:1.18.0] AndroidManifest.xml:28:18-86
26        android:dataExtractionRules="@xml/data_extraction_rules"
26-->src\main\AndroidManifest.xml:7:9-65
27        android:debuggable="true"
28        android:extractNativeLibs="false"
28-->INJECTED
29        android:fullBackupContent="@xml/backup_rules"
29-->src\main\AndroidManifest.xml:8:9-54
30        android:icon="@mipmap/ic_launcher"
30-->src\main\AndroidManifest.xml:9:9-43
31        android:label="@string/app_name"
31-->src\main\AndroidManifest.xml:10:9-41
32        android:roundIcon="@mipmap/ic_launcher_round"
32-->src\main\AndroidManifest.xml:11:9-54
33        android:supportsRtl="true"
33-->src\main\AndroidManifest.xml:12:9-35
34        android:testOnly="true"
35        android:theme="@style/Theme.EliteCareHospital" >
35-->src\main\AndroidManifest.xml:13:9-55
36        <activity
36-->src\main\AndroidManifest.xml:14:9-23:20
37            android:name="com.example.elitecarehospital.MainActivity"
37-->src\main\AndroidManifest.xml:15:13-41
38            android:exported="true"
38-->src\main\AndroidManifest.xml:16:13-36
39            android:windowSoftInputMode="adjustResize" >
39-->src\main\AndroidManifest.xml:17:13-55
40            <intent-filter>
40-->src\main\AndroidManifest.xml:18:13-22:29
41                <action android:name="android.intent.action.MAIN" />
41-->src\main\AndroidManifest.xml:19:17-69
41-->src\main\AndroidManifest.xml:19:25-66
42
43                <category android:name="android.intent.category.LAUNCHER" />
43-->src\main\AndroidManifest.xml:21:17-77
43-->src\main\AndroidManifest.xml:21:27-74
44            </intent-filter>
45        </activity>
46        <activity
46-->src\main\AndroidManifest.xml:24:9-33:20
47            android:name="com.example.elitecarehospital.LoginActivity"
47-->src\main\AndroidManifest.xml:25:13-42
48            android:exported="true"
48-->src\main\AndroidManifest.xml:26:13-36
49            android:windowSoftInputMode="adjustResize" >
49-->src\main\AndroidManifest.xml:27:13-55
50            <intent-filter>
50-->src\main\AndroidManifest.xml:18:13-22:29
51                <action android:name="android.intent.action.MAIN" />
51-->src\main\AndroidManifest.xml:19:17-69
51-->src\main\AndroidManifest.xml:19:25-66
52
53                <category android:name="android.intent.category.LAUNCHER" />
53-->src\main\AndroidManifest.xml:21:17-77
53-->src\main\AndroidManifest.xml:21:27-74
54            </intent-filter>
55        </activity>
56        <activity
56-->[com.google.firebase:firebase-auth:24.2.0] AndroidManifest.xml:29:9-46:20
57            android:name="com.google.firebase.auth.internal.GenericIdpActivity"
57-->[com.google.firebase:firebase-auth:24.2.0] AndroidManifest.xml:30:13-80
58            android:excludeFromRecents="true"
58-->[com.google.firebase:firebase-auth:24.2.0] AndroidManifest.xml:31:13-46
59            android:exported="true"
59-->[com.google.firebase:firebase-auth:24.2.0] AndroidManifest.xml:32:13-36
60            android:launchMode="singleTask"
60-->[com.google.firebase:firebase-auth:24.2.0] AndroidManifest.xml:33:13-44
61            android:theme="@android:style/Theme.Translucent.NoTitleBar" >
61-->[com.google.firebase:firebase-auth:24.2.0] AndroidManifest.xml:34:13-72
62            <intent-filter>
62-->[com.google.firebase:firebase-auth:24.2.0] AndroidManifest.xml:35:13-45:29
63                <action android:name="android.intent.action.VIEW" />
63-->[com.google.firebase:firebase-auth:24.2.0] AndroidManifest.xml:36:17-69
63-->[com.google.firebase:firebase-auth:24.2.0] AndroidManifest.xml:36:25-66
64
65                <category android:name="android.intent.category.DEFAULT" />
65-->[com.google.firebase:firebase-auth:24.2.0] AndroidManifest.xml:38:17-76
65-->[com.google.firebase:firebase-auth:24.2.0] AndroidManifest.xml:38:27-73
66                <category android:name="android.intent.category.BROWSABLE" />
66-->[com.google.firebase:firebase-auth:24.2.0] AndroidManifest.xml:39:17-78
66-->[com.google.firebase:firebase-auth:24.2.0] AndroidManifest.xml:39:27-75
67
68                <data
68-->[com.google.firebase:firebase-auth:24.2.0] AndroidManifest.xml:41:17-44:51
69                    android:host="firebase.auth"
69-->[com.google.firebase:firebase-auth:24.2.0] AndroidManifest.xml:42:21-49
70                    android:path="/"
70-->[com.google.firebase:firebase-auth:24.2.0] AndroidManifest.xml:43:21-37
71                    android:scheme="genericidp" />
71-->[com.google.firebase:firebase-auth:24.2.0] AndroidManifest.xml:44:21-48
72            </intent-filter>
73        </activity>
74        <activity
74-->[com.google.firebase:firebase-auth:24.2.0] AndroidManifest.xml:47:9-64:20
75            android:name="com.google.firebase.auth.internal.RecaptchaActivity"
75-->[com.google.firebase:firebase-auth:24.2.0] AndroidManifest.xml:48:13-79
76            android:excludeFromRecents="true"
76-->[com.google.firebase:firebase-auth:24.2.0] AndroidManifest.xml:49:13-46
77            android:exported="true"
77-->[com.google.firebase:firebase-auth:24.2.0] AndroidManifest.xml:50:13-36
78            android:launchMode="singleTask"
78-->[com.google.firebase:firebase-auth:24.2.0] AndroidManifest.xml:51:13-44
79            android:theme="@android:style/Theme.Translucent.NoTitleBar" >
79-->[com.google.firebase:firebase-auth:24.2.0] AndroidManifest.xml:52:13-72
80            <intent-filter>
80-->[com.google.firebase:firebase-auth:24.2.0] AndroidManifest.xml:53:13-63:29
81                <action android:name="android.intent.action.VIEW" />
81-->[com.google.firebase:firebase-auth:24.2.0] AndroidManifest.xml:36:17-69
81-->[com.google.firebase:firebase-auth:24.2.0] AndroidManifest.xml:36:25-66
82
83                <category android:name="android.intent.category.DEFAULT" />
83-->[com.google.firebase:firebase-auth:24.2.0] AndroidManifest.xml:38:17-76
83-->[com.google.firebase:firebase-auth:24.2.0] AndroidManifest.xml:38:27-73
84                <category android:name="android.intent.category.BROWSABLE" />
84-->[com.google.firebase:firebase-auth:24.2.0] AndroidManifest.xml:39:17-78
84-->[com.google.firebase:firebase-auth:24.2.0] AndroidManifest.xml:39:27-75
85
86                <data
86-->[com.google.firebase:firebase-auth:24.2.0] AndroidManifest.xml:41:17-44:51
87                    android:host="firebase.auth"
87-->[com.google.firebase:firebase-auth:24.2.0] AndroidManifest.xml:42:21-49
88                    android:path="/"
88-->[com.google.firebase:firebase-auth:24.2.0] AndroidManifest.xml:43:21-37
89                    android:scheme="recaptcha" />
89-->[com.google.firebase:firebase-auth:24.2.0] AndroidManifest.xml:44:21-48
90            </intent-filter>
91        </activity>
92
93        <service
93-->[com.google.firebase:firebase-auth:24.2.0] AndroidManifest.xml:66:9-72:19
94            android:name="com.google.firebase.components.ComponentDiscoveryService"
94-->[com.google.firebase:firebase-auth:24.2.0] AndroidManifest.xml:67:13-84
95            android:directBootAware="true"
95-->[com.google.firebase:firebase-common:21.0.0] AndroidManifest.xml:32:13-43
96            android:exported="false" >
96-->[com.google.firebase:firebase-auth:24.2.0] AndroidManifest.xml:68:13-37
97            <meta-data
97-->[com.google.firebase:firebase-auth:24.2.0] AndroidManifest.xml:69:13-71:85
98                android:name="com.google.firebase.components:com.google.firebase.auth.FirebaseAuthRegistrar"
98-->[com.google.firebase:firebase-auth:24.2.0] AndroidManifest.xml:70:17-109
99                android:value="com.google.firebase.components.ComponentRegistrar" />
99-->[com.google.firebase:firebase-auth:24.2.0] AndroidManifest.xml:71:17-82
100            <meta-data
100-->[com.google.firebase:firebase-common:21.0.0] AndroidManifest.xml:35:13-37:85
101                android:name="com.google.firebase.components:com.google.firebase.FirebaseCommonKtxRegistrar"
101-->[com.google.firebase:firebase-common:21.0.0] AndroidManifest.xml:36:17-109
102                android:value="com.google.firebase.components.ComponentRegistrar" />
102-->[com.google.firebase:firebase-common:21.0.0] AndroidManifest.xml:37:17-82
103        </service>
104        <service
104-->[androidx.credentials:credentials-play-services-auth:1.6.0] AndroidManifest.xml:24:9-32:19
105            android:name="androidx.credentials.playservices.CredentialProviderMetadataHolder"
105-->[androidx.credentials:credentials-play-services-auth:1.6.0] AndroidManifest.xml:25:13-94
106            android:enabled="true"
106-->[androidx.credentials:credentials-play-services-auth:1.6.0] AndroidManifest.xml:26:13-35
107            android:exported="false" >
107-->[androidx.credentials:credentials-play-services-auth:1.6.0] AndroidManifest.xml:27:13-37
108            <meta-data
108-->[androidx.credentials:credentials-play-services-auth:1.6.0] AndroidManifest.xml:29:13-31:104
109                android:name="androidx.credentials.CREDENTIAL_PROVIDER_KEY"
109-->[androidx.credentials:credentials-play-services-auth:1.6.0] AndroidManifest.xml:30:17-76
110                android:value="androidx.credentials.playservices.CredentialProviderPlayServicesImpl" />
110-->[androidx.credentials:credentials-play-services-auth:1.6.0] AndroidManifest.xml:31:17-101
111        </service>
112
113        <activity
113-->[androidx.credentials:credentials-play-services-auth:1.6.0] AndroidManifest.xml:34:9-41:20
114            android:name="androidx.credentials.playservices.controllers.identityauth.HiddenActivity"
114-->[androidx.credentials:credentials-play-services-auth:1.6.0] AndroidManifest.xml:35:13-101
115            android:configChanges="orientation|screenSize|screenLayout|keyboardHidden"
115-->[androidx.credentials:credentials-play-services-auth:1.6.0] AndroidManifest.xml:36:13-87
116            android:enabled="true"
116-->[androidx.credentials:credentials-play-services-auth:1.6.0] AndroidManifest.xml:37:13-35
117            android:exported="false"
117-->[androidx.credentials:credentials-play-services-auth:1.6.0] AndroidManifest.xml:38:13-37
118            android:fitsSystemWindows="true"
118-->[androidx.credentials:credentials-play-services-auth:1.6.0] AndroidManifest.xml:39:13-45
119            android:theme="@style/Theme.Hidden" >
119-->[androidx.credentials:credentials-play-services-auth:1.6.0] AndroidManifest.xml:40:13-48
120        </activity>
121        <activity
121-->[androidx.credentials:credentials-play-services-auth:1.6.0] AndroidManifest.xml:42:9-49:20
122            android:name="androidx.credentials.playservices.controllers.identitycredentials.IdentityCredentialApiHiddenActivity"
122-->[androidx.credentials:credentials-play-services-auth:1.6.0] AndroidManifest.xml:43:13-129
123            android:configChanges="orientation|screenSize|screenLayout|keyboardHidden"
123-->[androidx.credentials:credentials-play-services-auth:1.6.0] AndroidManifest.xml:44:13-87
124            android:enabled="true"
124-->[androidx.credentials:credentials-play-services-auth:1.6.0] AndroidManifest.xml:45:13-35
125            android:exported="false"
125-->[androidx.credentials:credentials-play-services-auth:1.6.0] AndroidManifest.xml:46:13-37
126            android:fitsSystemWindows="true"
126-->[androidx.credentials:credentials-play-services-auth:1.6.0] AndroidManifest.xml:47:13-45
127            android:theme="@style/Theme.Hidden" >
127-->[androidx.credentials:credentials-play-services-auth:1.6.0] AndroidManifest.xml:48:13-48
128        </activity>
129        <activity
129-->[com.google.android.gms:play-services-auth:21.1.1] AndroidManifest.xml:23:9-27:75
130            android:name="com.google.android.gms.auth.api.signin.internal.SignInHubActivity"
130-->[com.google.android.gms:play-services-auth:21.1.1] AndroidManifest.xml:24:13-93
131            android:excludeFromRecents="true"
131-->[com.google.android.gms:play-services-auth:21.1.1] AndroidManifest.xml:25:13-46
132            android:exported="false"
132-->[com.google.android.gms:play-services-auth:21.1.1] AndroidManifest.xml:26:13-37
133            android:theme="@android:style/Theme.Translucent.NoTitleBar" />
133-->[com.google.android.gms:play-services-auth:21.1.1] AndroidManifest.xml:27:13-72
134        <!--
135            Service handling Google Sign-In user revocation. For apps that do not integrate with
136            Google Sign-In, this service will never be started.
137        -->
138        <service
138-->[com.google.android.gms:play-services-auth:21.1.1] AndroidManifest.xml:33:9-37:51
139            android:name="com.google.android.gms.auth.api.signin.RevocationBoundService"
139-->[com.google.android.gms:play-services-auth:21.1.1] AndroidManifest.xml:34:13-89
140            android:exported="true"
140-->[com.google.android.gms:play-services-auth:21.1.1] AndroidManifest.xml:35:13-36
141            android:permission="com.google.android.gms.auth.api.signin.permission.REVOCATION_NOTIFICATION"
141-->[com.google.android.gms:play-services-auth:21.1.1] AndroidManifest.xml:36:13-107
142            android:visibleToInstantApps="true" />
142-->[com.google.android.gms:play-services-auth:21.1.1] AndroidManifest.xml:37:13-48
143
144        <provider
144-->[com.google.firebase:firebase-common:21.0.0] AndroidManifest.xml:23:9-28:39
145            android:name="com.google.firebase.provider.FirebaseInitProvider"
145-->[com.google.firebase:firebase-common:21.0.0] AndroidManifest.xml:24:13-77
146            android:authorities="com.example.elitecarehospital.firebaseinitprovider"
146-->[com.google.firebase:firebase-common:21.0.0] AndroidManifest.xml:25:13-72
147            android:directBootAware="true"
147-->[com.google.firebase:firebase-common:21.0.0] AndroidManifest.xml:26:13-43
148            android:exported="false"
148-->[com.google.firebase:firebase-common:21.0.0] AndroidManifest.xml:27:13-37
149            android:initOrder="100" />
149-->[com.google.firebase:firebase-common:21.0.0] AndroidManifest.xml:28:13-36
150
151        <activity
151-->[com.google.android.gms:play-services-base:18.5.0] AndroidManifest.xml:5:9-173
152            android:name="com.google.android.gms.common.api.GoogleApiActivity"
152-->[com.google.android.gms:play-services-base:18.5.0] AndroidManifest.xml:5:19-85
153            android:exported="false"
153-->[com.google.android.gms:play-services-base:18.5.0] AndroidManifest.xml:5:146-170
154            android:theme="@android:style/Theme.Translucent.NoTitleBar" />
154-->[com.google.android.gms:play-services-base:18.5.0] AndroidManifest.xml:5:86-145
155
156        <provider
156-->[androidx.emoji2:emoji2:1.3.0] AndroidManifest.xml:24:9-32:20
157            android:name="androidx.startup.InitializationProvider"
157-->[androidx.emoji2:emoji2:1.3.0] AndroidManifest.xml:25:13-67
158            android:authorities="com.example.elitecarehospital.androidx-startup"
158-->[androidx.emoji2:emoji2:1.3.0] AndroidManifest.xml:26:13-68
159            android:exported="false" >
159-->[androidx.emoji2:emoji2:1.3.0] AndroidManifest.xml:27:13-37
160            <meta-data
160-->[androidx.emoji2:emoji2:1.3.0] AndroidManifest.xml:29:13-31:52
161                android:name="androidx.emoji2.text.EmojiCompatInitializer"
161-->[androidx.emoji2:emoji2:1.3.0] AndroidManifest.xml:30:17-75
162                android:value="androidx.startup" />
162-->[androidx.emoji2:emoji2:1.3.0] AndroidManifest.xml:31:17-49
163            <meta-data
163-->[androidx.lifecycle:lifecycle-process:2.6.2] AndroidManifest.xml:29:13-31:52
164                android:name="androidx.lifecycle.ProcessLifecycleInitializer"
164-->[androidx.lifecycle:lifecycle-process:2.6.2] AndroidManifest.xml:30:17-78
165                android:value="androidx.startup" />
165-->[androidx.lifecycle:lifecycle-process:2.6.2] AndroidManifest.xml:31:17-49
166            <meta-data
166-->[androidx.profileinstaller:profileinstaller:1.4.0] AndroidManifest.xml:29:13-31:52
167                android:name="androidx.profileinstaller.ProfileInstallerInitializer"
167-->[androidx.profileinstaller:profileinstaller:1.4.0] AndroidManifest.xml:30:17-85
168                android:value="androidx.startup" />
168-->[androidx.profileinstaller:profileinstaller:1.4.0] AndroidManifest.xml:31:17-49
169        </provider>
170
171        <meta-data
171-->[com.google.android.gms:play-services-basement:18.9.0] AndroidManifest.xml:21:9-23:69
172            android:name="com.google.android.gms.version"
172-->[com.google.android.gms:play-services-basement:18.9.0] AndroidManifest.xml:22:13-58
173            android:value="@integer/google_play_services_version" />
173-->[com.google.android.gms:play-services-basement:18.9.0] AndroidManifest.xml:23:13-66
174
175        <receiver
175-->[androidx.profileinstaller:profileinstaller:1.4.0] AndroidManifest.xml:34:9-52:20
176            android:name="androidx.profileinstaller.ProfileInstallReceiver"
176-->[androidx.profileinstaller:profileinstaller:1.4.0] AndroidManifest.xml:35:13-76
177            android:directBootAware="false"
177-->[androidx.profileinstaller:profileinstaller:1.4.0] AndroidManifest.xml:36:13-44
178            android:enabled="true"
178-->[androidx.profileinstaller:profileinstaller:1.4.0] AndroidManifest.xml:37:13-35
179            android:exported="true"
179-->[androidx.profileinstaller:profileinstaller:1.4.0] AndroidManifest.xml:38:13-36
180            android:permission="android.permission.DUMP" >
180-->[androidx.profileinstaller:profileinstaller:1.4.0] AndroidManifest.xml:39:13-57
181            <intent-filter>
181-->[androidx.profileinstaller:profileinstaller:1.4.0] AndroidManifest.xml:40:13-42:29
182                <action android:name="androidx.profileinstaller.action.INSTALL_PROFILE" />
182-->[androidx.profileinstaller:profileinstaller:1.4.0] AndroidManifest.xml:41:17-91
182-->[androidx.profileinstaller:profileinstaller:1.4.0] AndroidManifest.xml:41:25-88
183            </intent-filter>
184            <intent-filter>
184-->[androidx.profileinstaller:profileinstaller:1.4.0] AndroidManifest.xml:43:13-45:29
185                <action android:name="androidx.profileinstaller.action.SKIP_FILE" />
185-->[androidx.profileinstaller:profileinstaller:1.4.0] AndroidManifest.xml:44:17-85
185-->[androidx.profileinstaller:profileinstaller:1.4.0] AndroidManifest.xml:44:25-82
186            </intent-filter>
187            <intent-filter>
187-->[androidx.profileinstaller:profileinstaller:1.4.0] AndroidManifest.xml:46:13-48:29
188                <action android:name="androidx.profileinstaller.action.SAVE_PROFILE" />
188-->[androidx.profileinstaller:profileinstaller:1.4.0] AndroidManifest.xml:47:17-88
188-->[androidx.profileinstaller:profileinstaller:1.4.0] AndroidManifest.xml:47:25-85
189            </intent-filter>
190            <intent-filter>
190-->[androidx.profileinstaller:profileinstaller:1.4.0] AndroidManifest.xml:49:13-51:29
191                <action android:name="androidx.profileinstaller.action.BENCHMARK_OPERATION" />
191-->[androidx.profileinstaller:profileinstaller:1.4.0] AndroidManifest.xml:50:17-95
191-->[androidx.profileinstaller:profileinstaller:1.4.0] AndroidManifest.xml:50:25-92
192            </intent-filter>
193        </receiver> <!-- The activities will be merged into the manifest of the hosting app. -->
194        <activity
194-->[com.google.android.play:core-common:2.0.3] AndroidManifest.xml:14:9-18:65
195            android:name="com.google.android.play.core.common.PlayCoreDialogWrapperActivity"
195-->[com.google.android.play:core-common:2.0.3] AndroidManifest.xml:15:13-93
196            android:exported="false"
196-->[com.google.android.play:core-common:2.0.3] AndroidManifest.xml:16:13-37
197            android:stateNotNeeded="true"
197-->[com.google.android.play:core-common:2.0.3] AndroidManifest.xml:17:13-42
198            android:theme="@style/Theme.PlayCore.Transparent" />
198-->[com.google.android.play:core-common:2.0.3] AndroidManifest.xml:18:13-62
199    </application>
200
201</manifest>